<?xml version="1.0" encoding="UTF-8"?>
<!-- Generated by org.testng.reporters.JUnitReportReporter -->
<testsuite hostname="L-5CG6192PYF" failures="0" tests="1" name="leicageosystem.bingsearch.TestCaseGetTopResult" time="6.930" errors="0" timestamp="26 Jan 2021 21:33:25 GMT" skipped="0">
  <testcase classname="leicageosystem.bingsearch.TestCaseGetTopResult" name="GetTopResultTest" time="6.930"/>
</testsuite> <!-- leicageosystem.bingsearch.TestCaseGetTopResult -->
